# JRE version: Java(TM) SE Runtime Environment (7.0_67-b01) (build 1.7.0_67-b01)
# Java VM: Java HotSpot(TM) 64-Bit Server VM (24.65-b04 mixed mode windows-amd64 compressed oops)
Heap
 PSYoungGen      total 309760K, used 420K [0x00000007d5680000, 0x00000007ea000000, 0x0000000800000000)
  eden space 284160K, 0% used [0x00000007d5680000,0x00000007d56e9170,0x00000007e6c00000)
  from space 25600K, 0% used [0x00000007e8700000,0x00000007e8700000,0x00000007ea000000)
  to   space 26624K, 0% used [0x00000007e6c00000,0x00000007e6c00000,0x00000007e8600000)
 ParOldGen       total 1096192K, used 24106K [0x0000000780400000, 0x00000007c3280000, 0x00000007d5680000)
  object space 1096192K, 2% used [0x0000000780400000,0x0000000781b8a818,0x00000007c3280000)
 PSPermGen       total 83968K, used 83966K [0x000000077b200000, 0x0000000780400000, 0x0000000780400000)
  object space 83968K, 99% used [0x000000077b200000,0x00000007803ffad0,0x0000000780400000)
GC Heap History (10 events):
Event: 154.034 GC heap before
{Heap before GC invocations=28 (full 8):
 PSYoungGen      total 307712K, used 32K [0x00000007d5680000, 0x00000007ea100000, 0x0000000800000000)
  eden space 281088K, 0% used [0x00000007d5680000,0x00000007d5680000,0x00000007e6900000)
  from space 26624K, 0% used [0x00000007e8700000,0x00000007e8708000,0x00000007ea100000)
  to   space 28672K, 0% used [0x00000007e6900000,0x00000007e6900000,0x00000007e8500000)
 ParOldGen       total 564736K, used 25066K [0x0000000780400000, 0x00000007a2b80000, 0x00000007d5680000)
  object space 564736K, 4% used [0x0000000780400000,0x0000000781c7abf8,0x00000007a2b80000)
 PSPermGen       total 83968K, used 83967K [0x000000077b200000, 0x0000000780400000, 0x0000000780400000)
  object space 83968K, 99% used [0x000000077b200000,0x00000007803fffc0,0x0000000780400000)
Event: 154.181 GC heap after
Heap after GC invocations=28 (full 8):
 PSYoungGen      total 307712K, used 0K [0x00000007d5680000, 0x00000007ea100000, 0x0000000800000000)
  eden space 281088K, 0% used [0x00000007d5680000,0x00000007d5680000,0x00000007e6900000)
  from space 26624K, 0% used [0x00000007e8700000,0x00000007e8700000,0x00000007ea100000)
  to   space 28672K, 0% used [0x00000007e6900000,0x00000007e6900000,0x00000007e8500000)
 ParOldGen       total 718848K, used 24109K [0x0000000780400000, 0x00000007ac200000, 0x00000007d5680000)
  object space 718848K, 3% used [0x0000000780400000,0x0000000781b8b5a0,0x00000007ac200000)
 PSPermGen       total 83968K, used 83963K [0x000000077b200000, 0x0000000780400000, 0x0000000780400000)
  object space 83968K, 99% used [0x000000077b200000,0x00000007803fed68,0x0000000780400000)
}
Event: 154.181 GC heap before
{Heap before GC invocations=29 (full 8):
 PSYoungGen      total 307712K, used 1237K [0x00000007d5680000, 0x00000007ea100000, 0x0000000800000000)
  eden space 281088K, 0% used [0x00000007d5680000,0x00000007d57b56b8,0x00000007e6900000)
  from space 26624K, 0% used [0x00000007e8700000,0x00000007e8700000,0x00000007ea100000)
  to   space 28672K, 0% used [0x00000007e6900000,0x00000007e6900000,0x00000007e8500000)
 ParOldGen       total 718848K, used 24109K [0x0000000780400000, 0x00000007ac200000, 0x00000007d5680000)
  object space 718848K, 3% used [0x0000000780400000,0x0000000781b8b5a0,0x00000007ac200000)
 PSPermGen       total 83968K, used 83966K [0x000000077b200000, 0x0000000780400000, 0x0000000780400000)
  object space 83968K, 99% used [0x000000077b200000,0x00000007803ffad0,0x0000000780400000)
Event: 154.184 GC heap after
Heap after GC invocations=29 (full 8):
 PSYoungGen      total 309760K, used 0K [0x00000007d5680000, 0x00000007ea200000, 0x0000000800000000)
  eden space 281088K, 0% used [0x00000007d5680000,0x00000007d5680000,0x00000007e6900000)
  from space 28672K, 0% used [0x00000007e6900000,0x00000007e6900000,0x00000007e8500000)
  to   space 27648K, 0% used [0x00000007e8700000,0x00000007e8700000,0x00000007ea200000)
 ParOldGen       total 718848K, used 24109K [0x0000000780400000, 0x00000007ac200000, 0x00000007d5680000)
  object space 718848K, 3% used [0x0000000780400000,0x0000000781b8b5a0,0x00000007ac200000)
 PSPermGen       total 83968K, used 83966K [0x000000077b200000, 0x0000000780400000, 0x0000000780400000)
  object space 83968K, 99% used [0x000000077b200000,0x00000007803ffad0,0x0000000780400000)
}
Event: 154.184 GC heap before
{Heap before GC invocations=30 (full 9):
 PSYoungGen      total 309760K, used 0K [0x00000007d5680000, 0x00000007ea200000, 0x0000000800000000)
  eden space 281088K, 0% used [0x00000007d5680000,0x00000007d5680000,0x00000007e6900000)
  from space 28672K, 0% used [0x00000007e6900000,0x00000007e6900000,0x00000007e8500000)
  to   space 27648K, 0% used [0x00000007e8700000,0x00000007e8700000,0x00000007ea200000)
 ParOldGen       total 718848K, used 24109K [0x0000000780400000, 0x00000007ac200000, 0x00000007d5680000)
  object space 718848K, 3% used [0x0000000780400000,0x0000000781b8b5a0,0x00000007ac200000)
 PSPermGen       total 83968K, used 83966K [0x000000077b200000, 0x0000000780400000, 0x0000000780400000)
  object space 83968K, 99% used [0x000000077b200000,0x00000007803ffad0,0x0000000780400000)
Event: 154.338 GC heap after
Heap after GC invocations=30 (full 9):
 PSYoungGen      total 309760K, used 0K [0x00000007d5680000, 0x00000007ea200000, 0x0000000800000000)
  eden space 281088K, 0% used [0x00000007d5680000,0x00000007d5680000,0x00000007e6900000)
  from space 28672K, 0% used [0x00000007e6900000,0x00000007e6900000,0x00000007e8500000)
  to   space 27648K, 0% used [0x00000007e8700000,0x00000007e8700000,0x00000007ea200000)
 ParOldGen       total 886784K, used 24106K [0x0000000780400000, 0x00000007b6600000, 0x00000007d5680000)
  object space 886784K, 2% used [0x0000000780400000,0x0000000781b8a818,0x00000007b6600000)
 PSPermGen       total 83968K, used 83966K [0x000000077b200000, 0x0000000780400000, 0x0000000780400000)
  object space 83968K, 99% used [0x000000077b200000,0x00000007803ffad0,0x0000000780400000)
}
Event: 154.338 GC heap before
{Heap before GC invocations=31 (full 9):
 PSYoungGen      total 309760K, used 0K [0x00000007d5680000, 0x00000007ea200000, 0x0000000800000000)
  eden space 281088K, 0% used [0x00000007d5680000,0x00000007d5680000,0x00000007e6900000)
  from space 28672K, 0% used [0x00000007e6900000,0x00000007e6900000,0x00000007e8500000)
  to   space 27648K, 0% used [0x00000007e8700000,0x00000007e8700000,0x00000007ea200000)
 ParOldGen       total 886784K, used 24106K [0x0000000780400000, 0x00000007b6600000, 0x00000007d5680000)
  object space 886784K, 2% used [0x0000000780400000,0x0000000781b8a818,0x00000007b6600000)
 PSPermGen       total 83968K, used 83966K [0x000000077b200000, 0x0000000780400000, 0x0000000780400000)
  object space 83968K, 99% used [0x000000077b200000,0x00000007803ffad0,0x0000000780400000)
Event: 154.341 GC heap after
Heap after GC invocations=31 (full 9):
 PSYoungGen      total 309760K, used 0K [0x00000007d5680000, 0x00000007ea000000, 0x0000000800000000)
  eden space 284160K, 0% used [0x00000007d5680000,0x00000007d5680000,0x00000007e6c00000)
  from space 25600K, 0% used [0x00000007e8700000,0x00000007e8700000,0x00000007ea000000)
  to   space 26624K, 0% used [0x00000007e6c00000,0x00000007e6c00000,0x00000007e8600000)
 ParOldGen       total 886784K, used 24106K [0x0000000780400000, 0x00000007b6600000, 0x00000007d5680000)
  object space 886784K, 2% used [0x0000000780400000,0x0000000781b8a818,0x00000007b6600000)
 PSPermGen       total 83968K, used 83966K [0x000000077b200000, 0x0000000780400000, 0x0000000780400000)
  object space 83968K, 99% used [0x000000077b200000,0x00000007803ffad0,0x0000000780400000)
}
Event: 154.341 GC heap before
{Heap before GC invocations=32 (full 10):
 PSYoungGen      total 309760K, used 0K [0x00000007d5680000, 0x00000007ea000000, 0x0000000800000000)
  eden space 284160K, 0% used [0x00000007d5680000,0x00000007d5680000,0x00000007e6c00000)
  from space 25600K, 0% used [0x00000007e8700000,0x00000007e8700000,0x00000007ea000000)
  to   space 26624K, 0% used [0x00000007e6c00000,0x00000007e6c00000,0x00000007e8600000)
 ParOldGen       total 886784K, used 24106K [0x0000000780400000, 0x00000007b6600000, 0x00000007d5680000)
  object space 886784K, 2% used [0x0000000780400000,0x0000000781b8a818,0x00000007b6600000)
 PSPermGen       total 83968K, used 83966K [0x000000077b200000, 0x0000000780400000, 0x0000000780400000)
  object space 83968K, 99% used [0x000000077b200000,0x00000007803ffad0,0x0000000780400000)
Event: 154.478 GC heap after
Heap after GC invocations=32 (full 10):
 PSYoungGen      total 309760K, used 0K [0x00000007d5680000, 0x00000007ea000000, 0x0000000800000000)
  eden space 284160K, 0% used [0x00000007d5680000,0x00000007d5680000,0x00000007e6c00000)
  from space 25600K, 0% used [0x00000007e8700000,0x00000007e8700000,0x00000007ea000000)
  to   space 26624K, 0% used [0x00000007e6c00000,0x00000007e6c00000,0x00000007e8600000)
 ParOldGen       total 1096192K, used 24106K [0x0000000780400000, 0x00000007c3280000, 0x00000007d5680000)
  object space 1096192K, 2% used [0x0000000780400000,0x0000000781b8a818,0x00000007c3280000)
 PSPermGen       total 83968K, used 83966K [0x000000077b200000, 0x0000000780400000, 0x0000000780400000)
  object space 83968K, 99% used [0x000000077b200000,0x00000007803ffad0,0x0000000780400000)
}

